<?xml version="1.0" encoding="UTF-8"?>
<testsuite xmlns:xsi="http://www.w3.org/2001/XMLSchema-instance" xsi:noNamespaceSchemaLocation="https://maven.apache.org/surefire/maven-surefire-plugin/xsd/surefire-test-report-3.0.xsd" version="3.0" name="com.taskmanager.service.TaskServiceTest" time="0.103" tests="2" errors="0" skipped="0" failures="0">
  <properties>
[...]
</properties>
  <testcase name="updateStatus_assignee_succeeds" classname="com.taskmanager.service.TaskServiceTest" time="0.095"/>
  <testcase name="updateStatus_memberNotAssignee_throwsAccessDenied" classname="com.taskmanager.service.TaskServiceTest" time="0.004"/>
</testsuite>